<?xml version="1.0" encoding="UTF-8"?>
<!-- Generated by org.testng.reporters.JUnitReportReporter -->
<testsuite skipped="0" hostname="DESKTOP-0N9REI5" name="PSMS.ApplicationPage.PSMS_SecondUserPage" tests="4" failures="0" timestamp="2020-10-09T18:34:21 IST" time="37.834" errors="0">
  <testcase name="PSMSApplication_Title" time="0.021" classname="PSMS.ApplicationPage.PSMS_SecondUserPage"/>
  <system-out/>
  <testcase name="LoginDetails" time="0.846" classname="PSMS.ApplicationPage.PSMS_SecondUserPage"/>
  <system-out/>
  <testcase name="DashboardModule" time="2.365" classname="PSMS.ApplicationPage.PSMS_SecondUserPage"/>
  <system-out/>
  <testcase name="PSMSTesterModules" time="34.602" classname="PSMS.ApplicationPage.PSMS_SecondUserPage"/>
  <system-out/>
</testsuite> <!-- PSMS.ApplicationPage.PSMS_SecondUserPage -->
