<?xml version="1.0" encoding="UTF-8"?>
<!-- Generated by org.testng.reporters.JUnitReportReporter -->
<testsuite skipped="0" hostname="DESKTOP-0N9REI5" name="com.issi.psms.ApplicationPange.PSMS_AdminPage" tests="4" failures="0" timestamp="2020-10-06T16:51:05 IST" time="241.061" errors="0">
  <testcase name="PSMSApplication_Title" time="0.033" classname="com.issi.psms.ApplicationPange.PSMS_AdminPage"/>
  <system-out/>
  <testcase name="LoginDetails" time="0.785" classname="com.issi.psms.ApplicationPange.PSMS_AdminPage"/>
  <system-out/>
  <testcase name="DashboardModule" time="1.866" classname="com.issi.psms.ApplicationPange.PSMS_AdminPage"/>
  <system-out/>
  <testcase name="PSMSMasterModules" time="238.377" classname="com.issi.psms.ApplicationPange.PSMS_AdminPage"/>
  <system-out/>
</testsuite> <!-- com.issi.psms.ApplicationPange.PSMS_AdminPage -->
