<?xml version="1.0" encoding="UTF-8"?>
<!-- Generated by org.testng.reporters.JUnitReportReporter -->
<testsuite skipped="0" hostname="DESKTOP-0N9REI5" name="PSMS.ApplicationPange.PSMS_AdminPage" tests="3" failures="0" timestamp="2020-10-09T11:26:39 IST" time="2.576" errors="0">
  <testcase name="PSMSApplication_Title" time="0.021" classname="PSMS.ApplicationPange.PSMS_AdminPage"/>
  <system-out/>
  <testcase name="LoginDetails" time="0.599" classname="PSMS.ApplicationPange.PSMS_AdminPage"/>
  <system-out/>
  <testcase name="DashboardModule" time="1.956" classname="PSMS.ApplicationPange.PSMS_AdminPage"/>
  <system-out/>
</testsuite> <!-- PSMS.ApplicationPange.PSMS_AdminPage -->
