<?xml version="1.0" encoding="UTF-8"?>
<!-- Generated by org.testng.reporters.JUnitReportReporter -->
<testsuite hostname="DESKTOP-PRK5G7T" failures="0" tests="1" name="PSMS.ApplicationPage.AdminPageValidation" time="45.691" errors="0" timestamp="2021-01-08T17:19:20 IST" skipped="0">
  <testcase classname="PSMS.ApplicationPage.AdminPageValidation" name="PSMSApplicationValidation" time="45.691"/>
  <system-out/>
</testsuite> <!-- PSMS.ApplicationPage.AdminPageValidation -->
