<?xml version="1.0" encoding="UTF-8"?>
<!-- Generated by org.testng.reporters.JUnitReportReporter -->
<testsuite skipped="0" hostname="DESKTOP-0N9REI5" name="PSMS.ApplicationPange.RegisterPage" tests="4" failures="0" timestamp="2020-10-09T11:26:39 IST" time="3.242" errors="0">
  <testcase name="PSMSApplication_Title" time="0.014" classname="PSMS.ApplicationPange.RegisterPage"/>
  <system-out/>
  <testcase name="LoginDetails" time="0.579" classname="PSMS.ApplicationPange.RegisterPage"/>
  <system-out/>
  <testcase name="DashboardModule" time="2.647" classname="PSMS.ApplicationPange.RegisterPage"/>
  <system-out/>
  <testcase name="PSMSAdminModules" time="0.002" classname="PSMS.ApplicationPange.RegisterPage"/>
  <system-out/>
</testsuite> <!-- PSMS.ApplicationPange.RegisterPage -->
